<?xml version="1.0" encoding="UTF-8"?>
<!-- Generated by org.testng.reporters.JUnitXMLReporter -->
<testsuite hostname="SBWL-NKANAMADI" failures="0" tests="11" name="automationpractice.com" time="19.994" errors="0" timestamp="7 Oct 2021 13:58:04 GMT">
  <testcase classname="automationpractice.com.CreateAccountFormTest" name="@BeforeClass setup" time="0.0">
    <failure type="org.openqa.selenium.WebDriverException" message="unknown error: net::ERR_NAME_NOT_RESOLVED
  (Session info: chrome=94.0.4606.71)
Build info: version: &amp;apos;4.0.0-alpha-5&amp;apos;, revision: &amp;apos;b3a0d621cc&amp;apos;
System info: host: &amp;apos;SBWL-NKANAMADI&amp;apos;, ip: &amp;apos;10.0.75.1&amp;apos;, os.name: &amp;apos;Windows 10&amp;apos;, os.arch: &amp;apos;amd64&amp;apos;, os.version: &amp;apos;10.0&amp;apos;, java.version: &amp;apos;15.0.2&amp;apos;
Driver info: org.openqa.selenium.chrome.ChromeDriver
Capabilities {acceptInsecureCerts: false, browserName: chrome, browserVersion: 94.0.4606.71, chrome: {chromedriverVersion: 94.0.4606.61 (418b78f5838ed..., userDataDir: C:\Users\NKANAM~1\AppData\L...}, goog:chromeOptions: {debuggerAddress: localhost:53738}, javascriptEnabled: true, networkConnectionEnabled: false, pageLoadStrategy: normal, platform: WINDOWS, platformName: WINDOWS, proxy: Proxy(), setWindowRect: true, strictFileInteractability: false, timeouts: {implicit: 0, pageLoad: 300000, script: 30000}, unhandledPromptBehavior: dismiss and notify, webauthn:extension:credBlob: true, webauthn:extension:largeBlob: true, webauthn:virtualAuthenticators: true}
Session ID: 437fe84a26f0d3af78edb6ab682cba36">
      <![CDATA[org.openqa.selenium.WebDriverException: unknown error: net::ERR_NAME_NOT_RESOLVED
  (Session info: chrome=94.0.4606.71)
Build info: version: '4.0.0-alpha-5', revision: 'b3a0d621cc'
System info: host: 'SBWL-NKANAMADI', ip: '10.0.75.1', os.name: 'Windows 10', os.arch: 'amd64', os.version: '10.0', java.version: '15.0.2'
Driver info: org.openqa.selenium.chrome.ChromeDriver
Capabilities {acceptInsecureCerts: false, browserName: chrome, browserVersion: 94.0.4606.71, chrome: {chromedriverVersion: 94.0.4606.61 (418b78f5838ed..., userDataDir: C:\Users\NKANAM~1\AppData\L...}, goog:chromeOptions: {debuggerAddress: localhost:53738}, javascriptEnabled: true, networkConnectionEnabled: false, pageLoadStrategy: normal, platform: WINDOWS, platformName: WINDOWS, proxy: Proxy(), setWindowRect: true, strictFileInteractability: false, timeouts: {implicit: 0, pageLoad: 300000, script: 30000}, unhandledPromptBehavior: dismiss and notify, webauthn:extension:credBlob: true, webauthn:extension:largeBlob: true, webauthn:virtualAuthenticators: true}
Session ID: 437fe84a26f0d3af78edb6ab682cba36
	at org.openqa.selenium.remote.codec.w3c.W3CHttpResponseCodec.createException(W3CHttpResponseCodec.java:196)
	at org.openqa.selenium.remote.codec.w3c.W3CHttpResponseCodec.decode(W3CHttpResponseCodec.java:129)
	at org.openqa.selenium.remote.codec.w3c.W3CHttpResponseCodec.decode(W3CHttpResponseCodec.java:53)
	at org.openqa.selenium.remote.HttpCommandExecutor.execute(HttpCommandExecutor.java:161)
	at org.openqa.selenium.remote.service.DriverCommandExecutor.execute(DriverCommandExecutor.java:83)
	at org.openqa.selenium.remote.RemoteWebDriver.execute(RemoteWebDriver.java:582)
	at org.openqa.selenium.remote.RemoteWebDriver.get(RemoteWebDriver.java:282)
	at automationpractice.com.CreateAccountFormTest.setup(CreateAccountFormTest.java:40)
... Removed 29 stack frames]]>
    </failure>
  </testcase> <!-- @BeforeClass setup -->
  <testcase classname="automationpractice.com.CreateAccountFormTest" name="@AfterClass closeAll" time="0.0">
    <skipped/>
  </testcase> <!-- @AfterClass closeAll -->
  <testcase classname="automationpractice.com.LoginFormTest" name="@BeforeClass setup" time="0.0">
    <failure type="org.openqa.selenium.WebDriverException" message="unknown error: net::ERR_NAME_NOT_RESOLVED
  (Session info: chrome=94.0.4606.71)
Build info: version: &amp;apos;4.0.0-alpha-5&amp;apos;, revision: &amp;apos;b3a0d621cc&amp;apos;
System info: host: &amp;apos;SBWL-NKANAMADI&amp;apos;, ip: &amp;apos;10.0.75.1&amp;apos;, os.name: &amp;apos;Windows 10&amp;apos;, os.arch: &amp;apos;amd64&amp;apos;, os.version: &amp;apos;10.0&amp;apos;, java.version: &amp;apos;15.0.2&amp;apos;
Driver info: org.openqa.selenium.chrome.ChromeDriver
Capabilities {acceptInsecureCerts: false, browserName: chrome, browserVersion: 94.0.4606.71, chrome: {chromedriverVersion: 94.0.4606.61 (418b78f5838ed..., userDataDir: C:\Users\NKANAM~1\AppData\L...}, goog:chromeOptions: {debuggerAddress: localhost:62042}, javascriptEnabled: true, networkConnectionEnabled: false, pageLoadStrategy: normal, platform: WINDOWS, platformName: WINDOWS, proxy: Proxy(), setWindowRect: true, strictFileInteractability: false, timeouts: {implicit: 0, pageLoad: 300000, script: 30000}, unhandledPromptBehavior: dismiss and notify, webauthn:extension:credBlob: true, webauthn:extension:largeBlob: true, webauthn:virtualAuthenticators: true}
Session ID: e3364acd033ee767a2b6228cab45351a">
      <![CDATA[org.openqa.selenium.WebDriverException: unknown error: net::ERR_NAME_NOT_RESOLVED
  (Session info: chrome=94.0.4606.71)
Build info: version: '4.0.0-alpha-5', revision: 'b3a0d621cc'
System info: host: 'SBWL-NKANAMADI', ip: '10.0.75.1', os.name: 'Windows 10', os.arch: 'amd64', os.version: '10.0', java.version: '15.0.2'
Driver info: org.openqa.selenium.chrome.ChromeDriver
Capabilities {acceptInsecureCerts: false, browserName: chrome, browserVersion: 94.0.4606.71, chrome: {chromedriverVersion: 94.0.4606.61 (418b78f5838ed..., userDataDir: C:\Users\NKANAM~1\AppData\L...}, goog:chromeOptions: {debuggerAddress: localhost:62042}, javascriptEnabled: true, networkConnectionEnabled: false, pageLoadStrategy: normal, platform: WINDOWS, platformName: WINDOWS, proxy: Proxy(), setWindowRect: true, strictFileInteractability: false, timeouts: {implicit: 0, pageLoad: 300000, script: 30000}, unhandledPromptBehavior: dismiss and notify, webauthn:extension:credBlob: true, webauthn:extension:largeBlob: true, webauthn:virtualAuthenticators: true}
Session ID: e3364acd033ee767a2b6228cab45351a
	at org.openqa.selenium.remote.codec.w3c.W3CHttpResponseCodec.createException(W3CHttpResponseCodec.java:196)
	at org.openqa.selenium.remote.codec.w3c.W3CHttpResponseCodec.decode(W3CHttpResponseCodec.java:129)
	at org.openqa.selenium.remote.codec.w3c.W3CHttpResponseCodec.decode(W3CHttpResponseCodec.java:53)
	at org.openqa.selenium.remote.HttpCommandExecutor.execute(HttpCommandExecutor.java:161)
	at org.openqa.selenium.remote.service.DriverCommandExecutor.execute(DriverCommandExecutor.java:83)
	at org.openqa.selenium.remote.RemoteWebDriver.execute(RemoteWebDriver.java:582)
	at org.openqa.selenium.remote.RemoteWebDriver.get(RemoteWebDriver.java:282)
	at automationpractice.com.LoginFormTest.setup(LoginFormTest.java:33)
... Removed 29 stack frames]]>
    </failure>
  </testcase> <!-- @BeforeClass setup -->
  <testcase classname="automationpractice.com.LoginFormTest" name="@AfterClass closeAll" time="0.0">
    <skipped/>
  </testcase> <!-- @AfterClass closeAll -->
  <testcase classname="automationpractice.com.CreateAccountFormTest" name="authenticationPage" time="0.001">
    <skipped/>
  </testcase> <!-- authenticationPage -->
  <testcase classname="automationpractice.com.CreateAccountFormTest" name="authenticationPageEmailField" time="0.001">
    <skipped/>
  </testcase> <!-- authenticationPageEmailField -->
  <testcase classname="automationpractice.com.CreateAccountFormTest" name="personalInfoFields" time="0.0">
    <skipped/>
  </testcase> <!-- personalInfoFields -->
  <testcase classname="automationpractice.com.CreateAccountFormTest" name="requiredFieldsEmpty" time="0.002">
    <skipped/>
  </testcase> <!-- requiredFieldsEmpty -->
  <testcase classname="automationpractice.com.CreateAccountFormTest" name="requiredFieldsInputFormat" time="0.001">
    <skipped/>
  </testcase> <!-- requiredFieldsInputFormat -->
  <testcase classname="automationpractice.com.CreateAccountFormTest" name="createAccountSuccessfully" time="0.001">
    <skipped/>
  </testcase> <!-- createAccountSuccessfully -->
  <testcase classname="automationpractice.com.LoginFormTest" name="loginPage" time="0.003">
    <skipped/>
  </testcase> <!-- loginPage -->
  <testcase classname="automationpractice.com.LoginFormTest" name="invalidCredentials" time="0.001">
    <skipped/>
  </testcase> <!-- invalidCredentials -->
  <testcase classname="automationpractice.com.LoginFormTest" name="loginWithoutCredentials" time="0.001">
    <skipped/>
  </testcase> <!-- loginWithoutCredentials -->
  <testcase classname="automationpractice.com.LoginFormTest" name="emailFormat" time="0.001">
    <skipped/>
  </testcase> <!-- emailFormat -->
  <testcase classname="automationpractice.com.LoginFormTest" name="successfulLogin" time="0.001">
    <skipped/>
  </testcase> <!-- successfulLogin -->
</testsuite> <!-- automationpractice.com -->
